<?xml version="1.0" encoding="UTF-8"?>
<!-- Generated by org.testng.reporters.JUnitReportReporter -->
<testsuite hostname="DESKTOP-NDQ0HMP" failures="0" tests="1" name="driverFactory.AppTest" time="14.197" errors="0" timestamp="2024-03-16T00:32:59 IST" skipped="0">
  <testcase classname="driverFactory.AppTest" name="kickstart" time="14.197"/>
</testsuite> <!-- driverFactory.AppTest -->
