<?xml version="1.0" encoding="UTF-8"?>
<!-- Generated by org.testng.reporters.JUnitReportReporter -->
<testsuite hostname="DESKTOP-NDQ0HMP" failures="0" tests="1" name="driverFactory.AppTest" time="82.692" errors="0" timestamp="2024-03-18T00:30:40 IST" skipped="0">
  <testcase classname="driverFactory.AppTest" name="kickstart" time="82.692">
    <system-out>
      <![CDATA[Stock-000000947    Stock-000000947
Supplier-00000001994    Supplier-00000001994
Customer-00000003362    Customer-00000003362]]>
    </system-out>
  </testcase> <!-- kickstart -->
  <system-out>
    <![CDATA[Stock-000000947    Stock-000000947
Supplier-00000001994    Supplier-00000001994
Customer-00000003362    Customer-00000003362]]>
  </system-out>
</testsuite> <!-- driverFactory.AppTest -->
