<?xml version="1.0" encoding="UTF-8"?>
<!-- Generated by org.testng.reporters.JUnitReportReporter -->
<testsuite hostname="DESKTOP-NDQ0HMP" failures="0" tests="1" name="driverFactory.AppTest" time="38.185" errors="0" timestamp="2024-03-20T19:41:04 IST" skipped="0">
  <testcase classname="driverFactory.AppTest" name="kickstart" time="38.185">
    <system-out>
      <![CDATA[Stock-000000976    Stock-000000976]]>
    </system-out>
  </testcase> <!-- kickstart -->
  <system-out>
    <![CDATA[Stock-000000976    Stock-000000976]]>
  </system-out>
</testsuite> <!-- driverFactory.AppTest -->
